<?xml version="1.0" encoding="UTF-8"?>
<testng-results skipped="0" failed="0" ignored="0" total="2" passed="2">
  <reporter-output>
  </reporter-output>
  <suite name="Default suite" duration-ms="45" started-at="2018-01-03T13:23:23Z" finished-at="2018-01-03T13:23:23Z">
    <groups>
    </groups>
    <test name="Default test" duration-ms="45" started-at="2018-01-03T13:23:23Z" finished-at="2018-01-03T13:23:23Z">
      <class name="ashwanth.programs.TestNGFirst">
        <test-method status="PASS" signature="beforeSuite()[pri:0, instance:ashwanth.programs.TestNGFirst@42607a4f]" name="beforeSuite" is-config="true" duration-ms="13" started-at="2018-01-03T18:53:23Z" finished-at="2018-01-03T18:53:23Z">
          <reporter-output>
          </reporter-output>
        </test-method> <!-- beforeSuite -->
        <test-method status="PASS" signature="beforeTest()[pri:0, instance:ashwanth.programs.TestNGFirst@42607a4f]" name="beforeTest" is-config="true" duration-ms="1" started-at="2018-01-03T18:53:23Z" finished-at="2018-01-03T18:53:23Z">
          <reporter-output>
          </reporter-output>
        </test-method> <!-- beforeTest -->
        <test-method status="PASS" signature="beforeMethod()[pri:0, instance:ashwanth.programs.TestNGFirst@42607a4f]" name="beforeMethod" is-config="true" duration-ms="0" started-at="2018-01-03T18:53:23Z" finished-at="2018-01-03T18:53:23Z">
          <reporter-output>
          </reporter-output>
        </test-method> <!-- beforeMethod -->
        <test-method status="PASS" signature="testCase1()[pri:0, instance:ashwanth.programs.TestNGFirst@42607a4f]" name="testCase1" duration-ms="16" started-at="2018-01-03T18:53:23Z" finished-at="2018-01-03T18:53:23Z">
          <reporter-output>
          </reporter-output>
        </test-method> <!-- testCase1 -->
        <test-method status="PASS" signature="beforeClass()[pri:0, instance:ashwanth.programs.TestNGFirst@42607a4f]" name="beforeClass" is-config="true" duration-ms="0" started-at="2018-01-03T18:53:23Z" finished-at="2018-01-03T18:53:23Z">
          <reporter-output>
          </reporter-output>
        </test-method> <!-- beforeClass -->
        <test-method status="PASS" signature="beforeMethod()[pri:0, instance:ashwanth.programs.TestNGFirst@42607a4f]" name="beforeMethod" is-config="true" duration-ms="0" started-at="2018-01-03T18:53:23Z" finished-at="2018-01-03T18:53:23Z">
          <reporter-output>
          </reporter-output>
        </test-method> <!-- beforeMethod -->
        <test-method status="PASS" signature="afterMethod()[pri:0, instance:ashwanth.programs.TestNGFirst@42607a4f]" name="afterMethod" is-config="true" duration-ms="0" started-at="2018-01-03T18:53:23Z" finished-at="2018-01-03T18:53:23Z">
          <reporter-output>
          </reporter-output>
        </test-method> <!-- afterMethod -->
        <test-method status="PASS" signature="testCase2()[pri:0, instance:ashwanth.programs.TestNGFirst@42607a4f]" name="testCase2" duration-ms="0" started-at="2018-01-03T18:53:23Z" finished-at="2018-01-03T18:53:23Z">
          <reporter-output>
          </reporter-output>
        </test-method> <!-- testCase2 -->
        <test-method status="PASS" signature="afterMethod()[pri:0, instance:ashwanth.programs.TestNGFirst@42607a4f]" name="afterMethod" is-config="true" duration-ms="0" started-at="2018-01-03T18:53:23Z" finished-at="2018-01-03T18:53:23Z">
          <reporter-output>
          </reporter-output>
        </test-method> <!-- afterMethod -->
        <test-method status="PASS" signature="afterTest()[pri:0, instance:ashwanth.programs.TestNGFirst@42607a4f]" name="afterTest" is-config="true" duration-ms="0" started-at="2018-01-03T18:53:23Z" finished-at="2018-01-03T18:53:23Z">
          <reporter-output>
          </reporter-output>
        </test-method> <!-- afterTest -->
        <test-method status="PASS" signature="afterClass()[pri:0, instance:ashwanth.programs.TestNGFirst@42607a4f]" name="afterClass" is-config="true" duration-ms="0" started-at="2018-01-03T18:53:23Z" finished-at="2018-01-03T18:53:23Z">
          <reporter-output>
          </reporter-output>
        </test-method> <!-- afterClass -->
        <test-method status="PASS" signature="afterSuite()[pri:0, instance:ashwanth.programs.TestNGFirst@42607a4f]" name="afterSuite" is-config="true" duration-ms="0" started-at="2018-01-03T18:53:23Z" finished-at="2018-01-03T18:53:23Z">
          <reporter-output>
          </reporter-output>
        </test-method> <!-- afterSuite -->
      </class> <!-- ashwanth.programs.TestNGFirst -->
    </test> <!-- Default test -->
  </suite> <!-- Default suite -->
</testng-results>
